{"/home/diirrots/infractions_routieres/backend_infractions-routieres/server.js": {"path":"/home/diirrots/infractions_routieres/backend_infractions-routieres/server.js","statementMap":{"0":{"start":{"line":1,"column":16},"end":{"line":1,"column":34}},"1":{"start":{"line":2,"column":15},"end":{"line":2,"column":32}},"2":{"start":{"line":3,"column":15},"end":{"line":3,"column":32}},"3":{"start":{"line":4,"column":13},"end":{"line":4,"column":28}},"4":{"start":{"line":5,"column":18},"end":{"line":5,"column":46}},"5":{"start":{"line":6,"column":22},"end":{"line":6,"column":55}},"6":{"start":{"line":8,"column":18},"end":{"line":8,"column":47}},"7":{"start":{"line":10,"column":0},"end":{"line":10,"column":16}},"8":{"start":{"line":12,"column":12},"end":{"line":12,"column":21}},"9":{"start":{"line":15,"column":16},"end":{"line":19,"column":2}},"10":{"start":{"line":22,"column":0},"end":{"line":22,"column":17}},"11":{"start":{"line":23,"column":0},"end":{"line":23,"column":18}},"12":{"start":{"line":24,"column":0},"end":{"line":28,"column":4}},"13":{"start":{"line":30,"column":0},"end":{"line":30,"column":24}},"14":{"start":{"line":31,"column":0},"end":{"line":31,"column":49}},"15":{"start":{"line":32,"column":0},"end":{"line":32,"column":25}},"16":{"start":{"line":35,"column":0},"end":{"line":35,"column":47}},"17":{"start":{"line":38,"column":0},"end":{"line":48,"column":3}},"18":{"start":{"line":39,"column":4},"end":{"line":43,"column":5}},"19":{"start":{"line":40,"column":8},"end":{"line":40,"column":27}},"20":{"start":{"line":42,"column":8},"end":{"line":42,"column":49}},"21":{"start":{"line":44,"column":4},"end":{"line":47,"column":7}},"22":{"start":{"line":51,"column":13},"end":{"line":51,"column":37}},"23":{"start":{"line":53,"column":0},"end":{"line":62,"column":1}},"24":{"start":{"line":54,"column":4},"end":{"line":61,"column":7}},"25":{"start":{"line":55,"column":8},"end":{"line":57,"column":11}},"26":{"start":{"line":56,"column":12},"end":{"line":56,"column":58}},"27":{"start":{"line":59,"column":8},"end":{"line":59,"column":54}},"28":{"start":{"line":60,"column":8},"end":{"line":60,"column":24}},"29":{"start":{"line":64,"column":0},"end":{"line":64,"column":21}}},"fnMap":{"0":{"name":"(anonymous_0)","decl":{"start":{"line":38,"column":8},"end":{"line":38,"column":9}},"loc":{"start":{"line":38,"column":33},"end":{"line":48,"column":1}},"line":38},"1":{"name":"(anonymous_1)","decl":{"start":{"line":54,"column":21},"end":{"line":54,"column":22}},"loc":{"start":{"line":54,"column":27},"end":{"line":58,"column":5}},"line":54},"2":{"name":"(anonymous_2)","decl":{"start":{"line":55,"column":25},"end":{"line":55,"column":26}},"loc":{"start":{"line":55,"column":31},"end":{"line":57,"column":9}},"line":55},"3":{"name":"(anonymous_3)","decl":{"start":{"line":58,"column":13},"end":{"line":58,"column":14}},"loc":{"start":{"line":58,"column":20},"end":{"line":61,"column":5}},"line":58}},"branchMap":{"0":{"loc":{"start":{"line":25,"column":12},"end":{"line":25,"column":61}},"type":"binary-expr","locations":[{"start":{"line":25,"column":12},"end":{"line":25,"column":34}},{"start":{"line":25,"column":38},"end":{"line":25,"column":61}}],"line":25},"1":{"loc":{"start":{"line":39,"column":4},"end":{"line":43,"column":5}},"type":"if","locations":[{"start":{"line":39,"column":4},"end":{"line":43,"column":5}},{"start":{"line":41,"column":11},"end":{"line":43,"column":5}}],"line":39},"2":{"loc":{"start":{"line":46,"column":15},"end":{"line":46,"column":71}},"type":"cond-expr","locations":[{"start":{"line":46,"column":55},"end":{"line":46,"column":66}},{"start":{"line":46,"column":69},"end":{"line":46,"column":71}}],"line":46},"3":{"loc":{"start":{"line":51,"column":13},"end":{"line":51,"column":37}},"type":"binary-expr","locations":[{"start":{"line":51,"column":13},"end":{"line":51,"column":29}},{"start":{"line":51,"column":33},"end":{"line":51,"column":37}}],"line":51},"4":{"loc":{"start":{"line":53,"column":0},"end":{"line":62,"column":1}},"type":"if","locations":[{"start":{"line":53,"column":0},"end":{"line":62,"column":1}},{"start":{},"end":{}}],"line":53}},"s":{"0":1,"1":1,"2":1,"3":1,"4":1,"5":1,"6":1,"7":1,"8":1,"9":1,"10":1,"11":1,"12":1,"13":1,"14":1,"15":1,"16":1,"17":1,"18":1,"19":1,"20":0,"21":1,"22":1,"23":1,"24":0,"25":0,"26":0,"27":0,"28":0,"29":1},"f":{"0":1,"1":0,"2":0,"3":0},"b":{"0":[1,1],"1":[1,0],"2":[1,0],"3":[1,0],"4":[0,1]},"_coverageSchema":"1a1c01bbd47fc00a2c39e90264f33305004495a9","hash":"3a9d311624b870dd178975ea4262d945a983947f"}
,"/home/diirrots/infractions_routieres/backend_infractions-routieres/middleware/validation.middleware.js": {"path":"/home/diirrots/infractions_routieres/backend_infractions-routieres/middleware/validation.middleware.js","statementMap":{"0":{"start":{"line":1,"column":42},"end":{"line":1,"column":70}},"1":{"start":{"line":6,"column":17},"end":{"line":16,"column":1}},"2":{"start":{"line":7,"column":17},"end":{"line":7,"column":38}},"3":{"start":{"line":8,"column":2},"end":{"line":10,"column":3}},"4":{"start":{"line":9,"column":4},"end":{"line":9,"column":18}},"5":{"start":{"line":12,"column":2},"end":{"line":15,"column":5}},"6":{"start":{"line":21,"column":26},"end":{"line":25,"column":1}},"7":{"start":{"line":30,"column":26},"end":{"line":49,"column":1}},"8":{"start":{"line":54,"column":29},"end":{"line":70,"column":1}},"9":{"start":{"line":72,"column":0},"end":{"line":77,"column":2}}},"fnMap":{"0":{"name":"(anonymous_0)","decl":{"start":{"line":6,"column":17},"end":{"line":6,"column":18}},"loc":{"start":{"line":6,"column":37},"end":{"line":16,"column":1}},"line":6}},"branchMap":{"0":{"loc":{"start":{"line":8,"column":2},"end":{"line":10,"column":3}},"type":"if","locations":[{"start":{"line":8,"column":2},"end":{"line":10,"column":3}},{"start":{},"end":{}}],"line":8}},"s":{"0":1,"1":1,"2":21,"3":21,"4":20,"5":1,"6":1,"7":1,"8":1,"9":1},"f":{"0":21},"b":{"0":[20,1]},"_coverageSchema":"1a1c01bbd47fc00a2c39e90264f33305004495a9","hash":"033da18edd4afe6d275140824c1b1c9da149b56b"}
,"/home/diirrots/infractions_routieres/backend_infractions-routieres/routes/api.route.js": {"path":"/home/diirrots/infractions_routieres/backend_infractions-routieres/routes/api.route.js","statementMap":{"0":{"start":{"line":1,"column":16},"end":{"line":1,"column":34}},"1":{"start":{"line":2,"column":15},"end":{"line":2,"column":31}},"2":{"start":{"line":4,"column":0},"end":{"line":4,"column":86}},"3":{"start":{"line":5,"column":0},"end":{"line":5,"column":95}},"4":{"start":{"line":6,"column":0},"end":{"line":6,"column":89}},"5":{"start":{"line":8,"column":0},"end":{"line":8,"column":23}}},"fnMap":{},"branchMap":{},"s":{"0":1,"1":1,"2":1,"3":1,"4":1,"5":1},"f":{},"b":{},"_coverageSchema":"1a1c01bbd47fc00a2c39e90264f33305004495a9","hash":"9c7f803766c45941c417b883f04204f03c1c4978"}
,"/home/diirrots/infractions_routieres/backend_infractions-routieres/services/infraction-service/controller/infraction.controller.js": {"path":"/home/diirrots/infractions_routieres/backend_infractions-routieres/services/infraction-service/controller/infraction.controller.js","statementMap":{"0":{"start":{"line":1,"column":19},"end":{"line":1,"column":64}},"1":{"start":{"line":2,"column":16},"end":{"line":2,"column":58}},"2":{"start":{"line":4,"column":25},"end":{"line":21,"column":1}},"3":{"start":{"line":5,"column":4},"end":{"line":20,"column":5}},"4":{"start":{"line":6,"column":50},"end":{"line":6,"column":58}},"5":{"start":{"line":7,"column":24},"end":{"line":7,"column":57}},"6":{"start":{"line":8,"column":8},"end":{"line":10,"column":9}},"7":{"start":{"line":9,"column":12},"end":{"line":9,"column":75}},"8":{"start":{"line":11,"column":31},"end":{"line":16,"column":10}},"9":{"start":{"line":17,"column":8},"end":{"line":17,"column":51}},"10":{"start":{"line":19,"column":8},"end":{"line":19,"column":19}},"11":{"start":{"line":23,"column":26},"end":{"line":30,"column":1}},"12":{"start":{"line":24,"column":4},"end":{"line":29,"column":5}},"13":{"start":{"line":25,"column":28},"end":{"line":25,"column":71}},"14":{"start":{"line":26,"column":8},"end":{"line":26,"column":48}},"15":{"start":{"line":28,"column":8},"end":{"line":28,"column":19}},"16":{"start":{"line":32,"column":26},"end":{"line":43,"column":1}},"17":{"start":{"line":33,"column":4},"end":{"line":42,"column":5}},"18":{"start":{"line":34,"column":29},"end":{"line":34,"column":42}},"19":{"start":{"line":35,"column":27},"end":{"line":35,"column":86}},"20":{"start":{"line":36,"column":8},"end":{"line":38,"column":9}},"21":{"start":{"line":37,"column":12},"end":{"line":37,"column":78}},"22":{"start":{"line":39,"column":8},"end":{"line":39,"column":47}},"23":{"start":{"line":41,"column":8},"end":{"line":41,"column":19}},"24":{"start":{"line":45,"column":32},"end":{"line":60,"column":1}},"25":{"start":{"line":46,"column":4},"end":{"line":59,"column":5}},"26":{"start":{"line":47,"column":26},"end":{"line":47,"column":39}},"27":{"start":{"line":48,"column":24},"end":{"line":48,"column":57}},"28":{"start":{"line":49,"column":8},"end":{"line":51,"column":9}},"29":{"start":{"line":50,"column":12},"end":{"line":50,"column":75}},"30":{"start":{"line":52,"column":28},"end":{"line":52,"column":93}},"31":{"start":{"line":53,"column":8},"end":{"line":56,"column":10}},"32":{"start":{"line":58,"column":8},"end":{"line":58,"column":19}},"33":{"start":{"line":62,"column":25},"end":{"line":83,"column":1}},"34":{"start":{"line":63,"column":4},"end":{"line":82,"column":5}},"35":{"start":{"line":64,"column":50},"end":{"line":64,"column":58}},"36":{"start":{"line":65,"column":24},"end":{"line":65,"column":57}},"37":{"start":{"line":66,"column":8},"end":{"line":68,"column":9}},"38":{"start":{"line":67,"column":12},"end":{"line":67,"column":75}},"39":{"start":{"line":69,"column":29},"end":{"line":69,"column":42}},"40":{"start":{"line":70,"column":23},"end":{"line":75,"column":23}},"41":{"start":{"line":76,"column":8},"end":{"line":78,"column":9}},"42":{"start":{"line":77,"column":12},"end":{"line":77,"column":78}},"43":{"start":{"line":79,"column":8},"end":{"line":79,"column":43}},"44":{"start":{"line":81,"column":8},"end":{"line":81,"column":19}},"45":{"start":{"line":85,"column":25},"end":{"line":96,"column":1}},"46":{"start":{"line":86,"column":4},"end":{"line":95,"column":5}},"47":{"start":{"line":87,"column":29},"end":{"line":87,"column":42}},"48":{"start":{"line":88,"column":24},"end":{"line":88,"column":72}},"49":{"start":{"line":89,"column":8},"end":{"line":91,"column":9}},"50":{"start":{"line":90,"column":12},"end":{"line":90,"column":78}},"51":{"start":{"line":92,"column":8},"end":{"line":92,"column":70}},"52":{"start":{"line":94,"column":8},"end":{"line":94,"column":19}},"53":{"start":{"line":98,"column":0},"end":{"line":105,"column":1}}},"fnMap":{"0":{"name":"(anonymous_0)","decl":{"start":{"line":4,"column":25},"end":{"line":4,"column":26}},"loc":{"start":{"line":4,"column":51},"end":{"line":21,"column":1}},"line":4},"1":{"name":"(anonymous_1)","decl":{"start":{"line":23,"column":26},"end":{"line":23,"column":27}},"loc":{"start":{"line":23,"column":52},"end":{"line":30,"column":1}},"line":23},"2":{"name":"(anonymous_2)","decl":{"start":{"line":32,"column":26},"end":{"line":32,"column":27}},"loc":{"start":{"line":32,"column":52},"end":{"line":43,"column":1}},"line":32},"3":{"name":"(anonymous_3)","decl":{"start":{"line":45,"column":32},"end":{"line":45,"column":33}},"loc":{"start":{"line":45,"column":58},"end":{"line":60,"column":1}},"line":45},"4":{"name":"(anonymous_4)","decl":{"start":{"line":62,"column":25},"end":{"line":62,"column":26}},"loc":{"start":{"line":62,"column":51},"end":{"line":83,"column":1}},"line":62},"5":{"name":"(anonymous_5)","decl":{"start":{"line":85,"column":25},"end":{"line":85,"column":26}},"loc":{"start":{"line":85,"column":51},"end":{"line":96,"column":1}},"line":85}},"branchMap":{"0":{"loc":{"start":{"line":8,"column":8},"end":{"line":10,"column":9}},"type":"if","locations":[{"start":{"line":8,"column":8},"end":{"line":10,"column":9}},{"start":{},"end":{}}],"line":8},"1":{"loc":{"start":{"line":36,"column":8},"end":{"line":38,"column":9}},"type":"if","locations":[{"start":{"line":36,"column":8},"end":{"line":38,"column":9}},{"start":{},"end":{}}],"line":36},"2":{"loc":{"start":{"line":49,"column":8},"end":{"line":51,"column":9}},"type":"if","locations":[{"start":{"line":49,"column":8},"end":{"line":51,"column":9}},{"start":{},"end":{}}],"line":49},"3":{"loc":{"start":{"line":66,"column":8},"end":{"line":68,"column":9}},"type":"if","locations":[{"start":{"line":66,"column":8},"end":{"line":68,"column":9}},{"start":{},"end":{}}],"line":66},"4":{"loc":{"start":{"line":76,"column":8},"end":{"line":78,"column":9}},"type":"if","locations":[{"start":{"line":76,"column":8},"end":{"line":78,"column":9}},{"start":{},"end":{}}],"line":76},"5":{"loc":{"start":{"line":89,"column":8},"end":{"line":91,"column":9}},"type":"if","locations":[{"start":{"line":89,"column":8},"end":{"line":91,"column":9}},{"start":{},"end":{}}],"line":89}},"s":{"0":1,"1":1,"2":1,"3":2,"4":2,"5":2,"6":2,"7":1,"8":1,"9":1,"10":0,"11":1,"12":1,"13":1,"14":1,"15":0,"16":1,"17":2,"18":2,"19":2,"20":2,"21":1,"22":1,"23":0,"24":1,"25":2,"26":2,"27":2,"28":2,"29":1,"30":1,"31":1,"32":0,"33":1,"34":3,"35":3,"36":3,"37":3,"38":1,"39":2,"40":2,"41":2,"42":1,"43":1,"44":0,"45":1,"46":2,"47":2,"48":2,"49":2,"50":1,"51":1,"52":0,"53":1},"f":{"0":2,"1":1,"2":2,"3":2,"4":3,"5":2},"b":{"0":[1,1],"1":[1,1],"2":[1,1],"3":[1,2],"4":[1,1],"5":[1,1]},"_coverageSchema":"1a1c01bbd47fc00a2c39e90264f33305004495a9","hash":"a5cad0728c6f7ccd350a9ad91c085b2a8c67c128"}
,"/home/diirrots/infractions_routieres/backend_infractions-routieres/services/infraction-service/routes/infraction.route.js": {"path":"/home/diirrots/infractions_routieres/backend_infractions-routieres/services/infraction-service/routes/infraction.route.js","statementMap":{"0":{"start":{"line":1,"column":16},"end":{"line":1,"column":34}},"1":{"start":{"line":2,"column":128},"end":{"line":2,"column":174}},"2":{"start":{"line":3,"column":62},"end":{"line":3,"column":114}},"3":{"start":{"line":4,"column":15},"end":{"line":4,"column":31}},"4":{"start":{"line":6,"column":0},"end":{"line":6,"column":34}},"5":{"start":{"line":7,"column":0},"end":{"line":7,"column":66}},"6":{"start":{"line":8,"column":0},"end":{"line":8,"column":66}},"7":{"start":{"line":9,"column":0},"end":{"line":9,"column":80}},"8":{"start":{"line":10,"column":0},"end":{"line":10,"column":87}},"9":{"start":{"line":11,"column":0},"end":{"line":11,"column":68}},"10":{"start":{"line":13,"column":0},"end":{"line":13,"column":23}}},"fnMap":{},"branchMap":{},"s":{"0":1,"1":1,"2":1,"3":1,"4":1,"5":1,"6":1,"7":1,"8":1,"9":1,"10":1},"f":{},"b":{},"_coverageSchema":"1a1c01bbd47fc00a2c39e90264f33305004495a9","hash":"0b82aa5a6968ca41400dc3cba1a622f944fe2eec"}
,"/home/diirrots/infractions_routieres/backend_infractions-routieres/services/paiement-service/controller/paiement.controller.js": {"path":"/home/diirrots/infractions_routieres/backend_infractions-routieres/services/paiement-service/controller/paiement.controller.js","statementMap":{"0":{"start":{"line":1,"column":19},"end":{"line":1,"column":64}},"1":{"start":{"line":3,"column":23},"end":{"line":14,"column":1}},"2":{"start":{"line":4,"column":4},"end":{"line":13,"column":5}},"3":{"start":{"line":5,"column":29},"end":{"line":5,"column":42}},"4":{"start":{"line":6,"column":29},"end":{"line":6,"column":108}},"5":{"start":{"line":7,"column":8},"end":{"line":9,"column":9}},"6":{"start":{"line":8,"column":12},"end":{"line":8,"column":78}},"7":{"start":{"line":10,"column":8},"end":{"line":10,"column":49}},"8":{"start":{"line":12,"column":8},"end":{"line":12,"column":19}},"9":{"start":{"line":16,"column":0},"end":{"line":16,"column":31}}},"fnMap":{"0":{"name":"(anonymous_0)","decl":{"start":{"line":3,"column":23},"end":{"line":3,"column":24}},"loc":{"start":{"line":3,"column":49},"end":{"line":14,"column":1}},"line":3}},"branchMap":{"0":{"loc":{"start":{"line":7,"column":8},"end":{"line":9,"column":9}},"type":"if","locations":[{"start":{"line":7,"column":8},"end":{"line":9,"column":9}},{"start":{},"end":{}}],"line":7}},"s":{"0":1,"1":1,"2":2,"3":2,"4":2,"5":2,"6":1,"7":1,"8":0,"9":1},"f":{"0":2},"b":{"0":[1,1]},"_coverageSchema":"1a1c01bbd47fc00a2c39e90264f33305004495a9","hash":"d904bf08c3e5a546ce312e0fd4671340b56aa0c6"}
,"/home/diirrots/infractions_routieres/backend_infractions-routieres/services/paiement-service/routes/paiement.routes.js": {"path":"/home/diirrots/infractions_routieres/backend_infractions-routieres/services/paiement-service/routes/paiement.routes.js","statementMap":{"0":{"start":{"line":1,"column":16},"end":{"line":1,"column":34}},"1":{"start":{"line":2,"column":23},"end":{"line":2,"column":67}},"2":{"start":{"line":3,"column":40},"end":{"line":3,"column":92}},"3":{"start":{"line":4,"column":15},"end":{"line":4,"column":31}},"4":{"start":{"line":6,"column":0},"end":{"line":6,"column":64}},"5":{"start":{"line":8,"column":0},"end":{"line":8,"column":23}}},"fnMap":{},"branchMap":{},"s":{"0":1,"1":1,"2":1,"3":1,"4":1,"5":1},"f":{},"b":{},"_coverageSchema":"1a1c01bbd47fc00a2c39e90264f33305004495a9","hash":"4f9ae5eb05e82df7a71fb482175dadf061514703"}
,"/home/diirrots/infractions_routieres/backend_infractions-routieres/services/voiture-service/controller/voiture.controller.js": {"path":"/home/diirrots/infractions_routieres/backend_infractions-routieres/services/voiture-service/controller/voiture.controller.js","statementMap":{"0":{"start":{"line":1,"column":16},"end":{"line":1,"column":58}},"1":{"start":{"line":3,"column":22},"end":{"line":11,"column":1}},"2":{"start":{"line":4,"column":4},"end":{"line":10,"column":5}},"3":{"start":{"line":5,"column":57},"end":{"line":5,"column":65}},"4":{"start":{"line":6,"column":28},"end":{"line":6,"column":90}},"5":{"start":{"line":7,"column":8},"end":{"line":7,"column":48}},"6":{"start":{"line":9,"column":8},"end":{"line":9,"column":19}},"7":{"start":{"line":13,"column":23},"end":{"line":20,"column":1}},"8":{"start":{"line":14,"column":4},"end":{"line":19,"column":5}},"9":{"start":{"line":15,"column":25},"end":{"line":15,"column":45}},"10":{"start":{"line":16,"column":8},"end":{"line":16,"column":45}},"11":{"start":{"line":18,"column":8},"end":{"line":18,"column":19}},"12":{"start":{"line":22,"column":23},"end":{"line":33,"column":1}},"13":{"start":{"line":23,"column":4},"end":{"line":32,"column":5}},"14":{"start":{"line":24,"column":26},"end":{"line":24,"column":39}},"15":{"start":{"line":25,"column":24},"end":{"line":25,"column":57}},"16":{"start":{"line":26,"column":8},"end":{"line":28,"column":9}},"17":{"start":{"line":27,"column":12},"end":{"line":27,"column":75}},"18":{"start":{"line":29,"column":8},"end":{"line":29,"column":44}},"19":{"start":{"line":31,"column":8},"end":{"line":31,"column":19}},"20":{"start":{"line":35,"column":22},"end":{"line":47,"column":1}},"21":{"start":{"line":36,"column":4},"end":{"line":46,"column":5}},"22":{"start":{"line":37,"column":26},"end":{"line":37,"column":39}},"23":{"start":{"line":38,"column":57},"end":{"line":38,"column":65}},"24":{"start":{"line":39,"column":23},"end":{"line":39,"column":120}},"25":{"start":{"line":40,"column":8},"end":{"line":42,"column":9}},"26":{"start":{"line":41,"column":12},"end":{"line":41,"column":75}},"27":{"start":{"line":43,"column":8},"end":{"line":43,"column":43}},"28":{"start":{"line":45,"column":8},"end":{"line":45,"column":19}},"29":{"start":{"line":49,"column":22},"end":{"line":60,"column":1}},"30":{"start":{"line":50,"column":4},"end":{"line":59,"column":5}},"31":{"start":{"line":51,"column":26},"end":{"line":51,"column":39}},"32":{"start":{"line":52,"column":24},"end":{"line":52,"column":66}},"33":{"start":{"line":53,"column":8},"end":{"line":55,"column":9}},"34":{"start":{"line":54,"column":12},"end":{"line":54,"column":75}},"35":{"start":{"line":56,"column":8},"end":{"line":56,"column":67}},"36":{"start":{"line":58,"column":8},"end":{"line":58,"column":19}},"37":{"start":{"line":62,"column":0},"end":{"line":68,"column":1}}},"fnMap":{"0":{"name":"(anonymous_0)","decl":{"start":{"line":3,"column":22},"end":{"line":3,"column":23}},"loc":{"start":{"line":3,"column":48},"end":{"line":11,"column":1}},"line":3},"1":{"name":"(anonymous_1)","decl":{"start":{"line":13,"column":23},"end":{"line":13,"column":24}},"loc":{"start":{"line":13,"column":49},"end":{"line":20,"column":1}},"line":13},"2":{"name":"(anonymous_2)","decl":{"start":{"line":22,"column":23},"end":{"line":22,"column":24}},"loc":{"start":{"line":22,"column":49},"end":{"line":33,"column":1}},"line":22},"3":{"name":"(anonymous_3)","decl":{"start":{"line":35,"column":22},"end":{"line":35,"column":23}},"loc":{"start":{"line":35,"column":48},"end":{"line":47,"column":1}},"line":35},"4":{"name":"(anonymous_4)","decl":{"start":{"line":49,"column":22},"end":{"line":49,"column":23}},"loc":{"start":{"line":49,"column":48},"end":{"line":60,"column":1}},"line":49}},"branchMap":{"0":{"loc":{"start":{"line":26,"column":8},"end":{"line":28,"column":9}},"type":"if","locations":[{"start":{"line":26,"column":8},"end":{"line":28,"column":9}},{"start":{},"end":{}}],"line":26},"1":{"loc":{"start":{"line":40,"column":8},"end":{"line":42,"column":9}},"type":"if","locations":[{"start":{"line":40,"column":8},"end":{"line":42,"column":9}},{"start":{},"end":{}}],"line":40},"2":{"loc":{"start":{"line":53,"column":8},"end":{"line":55,"column":9}},"type":"if","locations":[{"start":{"line":53,"column":8},"end":{"line":55,"column":9}},{"start":{},"end":{}}],"line":53}},"s":{"0":1,"1":1,"2":2,"3":2,"4":2,"5":2,"6":0,"7":1,"8":2,"9":2,"10":1,"11":1,"12":1,"13":2,"14":2,"15":2,"16":2,"17":1,"18":1,"19":0,"20":1,"21":2,"22":2,"23":2,"24":2,"25":2,"26":1,"27":1,"28":0,"29":1,"30":1,"31":1,"32":1,"33":1,"34":1,"35":0,"36":0,"37":1},"f":{"0":2,"1":2,"2":2,"3":2,"4":1},"b":{"0":[1,1],"1":[1,1],"2":[1,0]},"_coverageSchema":"1a1c01bbd47fc00a2c39e90264f33305004495a9","hash":"3a245ba9b25cd6c820f187d1a97f6c5ffde44d9f"}
,"/home/diirrots/infractions_routieres/backend_infractions-routieres/services/voiture-service/routes/voiture.route.js": {"path":"/home/diirrots/infractions_routieres/backend_infractions-routieres/services/voiture-service/routes/voiture.route.js","statementMap":{"0":{"start":{"line":1,"column":16},"end":{"line":1,"column":34}},"1":{"start":{"line":2,"column":88},"end":{"line":2,"column":131}},"2":{"start":{"line":3,"column":59},"end":{"line":3,"column":111}},"3":{"start":{"line":4,"column":15},"end":{"line":4,"column":31}},"4":{"start":{"line":6,"column":0},"end":{"line":6,"column":31}},"5":{"start":{"line":7,"column":0},"end":{"line":7,"column":60}},"6":{"start":{"line":8,"column":0},"end":{"line":8,"column":63}},"7":{"start":{"line":9,"column":0},"end":{"line":9,"column":81}},"8":{"start":{"line":10,"column":0},"end":{"line":10,"column":65}},"9":{"start":{"line":12,"column":0},"end":{"line":12,"column":23}}},"fnMap":{},"branchMap":{},"s":{"0":1,"1":1,"2":1,"3":1,"4":1,"5":1,"6":1,"7":1,"8":1,"9":1},"f":{},"b":{},"_coverageSchema":"1a1c01bbd47fc00a2c39e90264f33305004495a9","hash":"cc760cbaf34ccb8878846b4581795c3b1ae4245a"}
}
