TN:
SF:server.js
FN:38,(anonymous_0)
FN:54,(anonymous_1)
FN:55,(anonymous_2)
FN:58,(anonymous_3)
FNF:4
FNH:0
FNDA:0,(anonymous_0)
FNDA:0,(anonymous_1)
FNDA:0,(anonymous_2)
FNDA:0,(anonymous_3)
DA:1,1
DA:2,1
DA:3,1
DA:4,1
DA:5,1
DA:6,1
DA:8,1
DA:10,1
DA:12,1
DA:15,1
DA:22,1
DA:23,1
DA:24,1
DA:30,1
DA:31,1
DA:32,1
DA:35,1
DA:38,1
DA:39,0
DA:40,0
DA:42,0
DA:44,0
DA:51,1
DA:53,1
DA:54,0
DA:55,0
DA:56,0
DA:59,0
DA:60,0
DA:64,1
LF:30
LH:21
BRDA:25,0,0,1
BRDA:25,0,1,1
BRDA:39,1,0,0
BRDA:39,1,1,0
BRDA:46,2,0,0
BRDA:46,2,1,0
BRDA:51,3,0,1
BRDA:51,3,1,0
BRDA:53,4,0,0
BRDA:53,4,1,1
BRF:10
BRH:4
end_of_record
TN:
SF:middleware/validation.middleware.js
FN:6,(anonymous_0)
FNF:1
FNH:1
FNDA:13,(anonymous_0)
DA:1,1
DA:6,1
DA:7,13
DA:8,13
DA:9,12
DA:12,1
DA:21,1
DA:30,1
DA:54,1
DA:72,1
LF:10
LH:10
BRDA:8,0,0,12
BRDA:8,0,1,1
BRF:2
BRH:2
end_of_record
TN:
SF:routes/api.route.js
FNF:0
FNH:0
DA:1,1
DA:2,1
DA:4,1
DA:5,1
DA:6,1
DA:8,1
LF:6
LH:6
BRF:0
BRH:0
end_of_record
TN:
SF:services/infraction-service/controller/infraction.controller.js
FN:4,(anonymous_0)
FN:23,(anonymous_1)
FN:32,(anonymous_2)
FN:45,(anonymous_3)
FN:62,(anonymous_4)
FN:85,(anonymous_5)
FNF:6
FNH:6
FNDA:2,(anonymous_0)
FNDA:1,(anonymous_1)
FNDA:1,(anonymous_2)
FNDA:1,(anonymous_3)
FNDA:1,(anonymous_4)
FNDA:1,(anonymous_5)
DA:1,1
DA:2,1
DA:4,1
DA:5,2
DA:6,2
DA:7,2
DA:8,2
DA:9,1
DA:11,1
DA:17,1
DA:19,0
DA:23,1
DA:24,1
DA:25,1
DA:26,1
DA:28,0
DA:32,1
DA:33,1
DA:34,1
DA:35,1
DA:36,1
DA:37,0
DA:39,1
DA:41,0
DA:45,1
DA:46,1
DA:47,1
DA:48,1
DA:49,1
DA:50,0
DA:52,1
DA:53,1
DA:58,0
DA:62,1
DA:63,1
DA:64,1
DA:65,1
DA:66,1
DA:67,0
DA:69,1
DA:70,1
DA:76,1
DA:77,0
DA:79,1
DA:81,0
DA:85,1
DA:86,1
DA:87,1
DA:88,1
DA:89,1
DA:90,0
DA:92,1
DA:94,0
DA:98,1
LF:54
LH:43
BRDA:8,0,0,1
BRDA:8,0,1,1
BRDA:36,1,0,0
BRDA:36,1,1,1
BRDA:49,2,0,0
BRDA:49,2,1,1
BRDA:66,3,0,0
BRDA:66,3,1,1
BRDA:76,4,0,0
BRDA:76,4,1,1
BRDA:89,5,0,0
BRDA:89,5,1,1
BRF:12
BRH:7
end_of_record
TN:
SF:services/infraction-service/routes/infraction.route.js
FNF:0
FNH:0
DA:1,1
DA:2,1
DA:3,1
DA:4,1
DA:6,1
DA:7,1
DA:8,1
DA:9,1
DA:10,1
DA:11,1
DA:13,1
LF:11
LH:11
BRF:0
BRH:0
end_of_record
TN:
SF:services/paiement-service/controller/paiement.controller.js
FN:3,(anonymous_0)
FNF:1
FNH:1
FNDA:1,(anonymous_0)
DA:1,1
DA:3,1
DA:4,1
DA:5,1
DA:6,1
DA:7,1
DA:8,0
DA:10,1
DA:12,0
DA:16,1
LF:10
LH:8
BRDA:7,0,0,0
BRDA:7,0,1,1
BRF:2
BRH:1
end_of_record
TN:
SF:services/paiement-service/routes/paiement.routes.js
FNF:0
FNH:0
DA:1,1
DA:2,1
DA:3,1
DA:4,1
DA:6,1
DA:8,1
LF:6
LH:6
BRF:0
BRH:0
end_of_record
TN:
SF:services/voiture-service/controller/voiture.controller.js
FN:3,(anonymous_0)
FN:13,(anonymous_1)
FN:22,(anonymous_2)
FN:35,(anonymous_3)
FN:49,(anonymous_4)
FNF:5
FNH:5
FNDA:2,(anonymous_0)
FNDA:1,(anonymous_1)
FNDA:1,(anonymous_2)
FNDA:1,(anonymous_3)
FNDA:1,(anonymous_4)
DA:1,1
DA:3,1
DA:4,2
DA:5,2
DA:6,2
DA:7,2
DA:9,0
DA:13,1
DA:14,1
DA:15,1
DA:16,1
DA:18,0
DA:22,1
DA:23,1
DA:24,1
DA:25,1
DA:26,1
DA:27,0
DA:29,1
DA:31,0
DA:35,1
DA:36,1
DA:37,1
DA:38,1
DA:39,1
DA:40,1
DA:41,0
DA:43,1
DA:45,0
DA:49,1
DA:50,1
DA:51,1
DA:52,1
DA:53,1
DA:54,0
DA:56,1
DA:58,0
DA:62,1
LF:38
LH:30
BRDA:26,0,0,0
BRDA:26,0,1,1
BRDA:40,1,0,0
BRDA:40,1,1,1
BRDA:53,2,0,0
BRDA:53,2,1,1
BRF:6
BRH:3
end_of_record
TN:
SF:services/voiture-service/routes/voiture.route.js
FNF:0
FNH:0
DA:1,1
DA:2,1
DA:3,1
DA:4,1
DA:6,1
DA:7,1
DA:8,1
DA:9,1
DA:10,1
DA:12,1
LF:10
LH:10
BRF:0
BRH:0
end_of_record
