TN:
SF:server.js
FN:38,(anonymous_0)
FNF:1
FNH:1
FNDA:13,(anonymous_0)
DA:1,1
DA:2,1
DA:3,1
DA:4,1
DA:5,1
DA:6,1
DA:8,1
DA:10,1
DA:12,1
DA:15,1
DA:22,1
DA:23,1
DA:24,1
DA:30,1
DA:31,1
DA:32,1
DA:35,1
DA:38,1
DA:39,13
DA:42,13
DA:49,1
DA:61,1
LF:22
LH:22
BRDA:25,0,0,1
BRDA:25,0,1,1
BRDA:39,1,0,12
BRDA:39,1,1,1
BRDA:44,2,0,12
BRDA:44,2,1,1
BRDA:49,3,0,1
BRDA:49,3,1,0
BRF:8
BRH:7
end_of_record
TN:
SF:middleware/validation.middleware.js
FN:6,(anonymous_0)
FNF:1
FNH:1
FNDA:32,(anonymous_0)
DA:1,1
DA:6,1
DA:7,32
DA:8,32
DA:9,31
DA:12,1
DA:21,1
DA:30,1
DA:54,1
DA:72,1
LF:10
LH:10
BRDA:8,0,0,31
BRDA:8,0,1,1
BRF:2
BRH:2
end_of_record
TN:
SF:routes/api.route.js
FNF:0
FNH:0
DA:1,1
DA:2,1
DA:4,1
DA:5,1
DA:6,1
DA:8,1
LF:6
LH:6
BRF:0
BRH:0
end_of_record
TN:
SF:services/infraction-service/controller/infraction.controller.js
FN:4,(anonymous_0)
FN:23,(anonymous_1)
FN:32,(anonymous_2)
FN:45,(anonymous_3)
FN:62,(anonymous_4)
FN:85,(anonymous_5)
FNF:6
FNH:6
FNDA:3,(anonymous_0)
FNDA:2,(anonymous_1)
FNDA:3,(anonymous_2)
FNDA:3,(anonymous_3)
FNDA:4,(anonymous_4)
FNDA:3,(anonymous_5)
DA:1,1
DA:2,1
DA:4,1
DA:5,3
DA:6,3
DA:7,3
DA:8,3
DA:9,1
DA:11,2
DA:17,1
DA:19,1
DA:23,1
DA:24,2
DA:25,2
DA:26,1
DA:28,1
DA:32,1
DA:33,3
DA:34,3
DA:35,3
DA:36,2
DA:37,1
DA:39,1
DA:41,1
DA:45,1
DA:46,3
DA:47,3
DA:48,3
DA:49,3
DA:50,1
DA:52,2
DA:53,1
DA:58,1
DA:62,1
DA:63,4
DA:64,4
DA:65,4
DA:66,4
DA:67,1
DA:69,3
DA:70,3
DA:76,2
DA:77,1
DA:79,1
DA:81,1
DA:85,1
DA:86,3
DA:87,3
DA:88,3
DA:89,2
DA:90,1
DA:92,1
DA:94,1
DA:98,1
LF:54
LH:54
BRDA:8,0,0,1
BRDA:8,0,1,2
BRDA:36,1,0,1
BRDA:36,1,1,1
BRDA:49,2,0,1
BRDA:49,2,1,2
BRDA:66,3,0,1
BRDA:66,3,1,3
BRDA:76,4,0,1
BRDA:76,4,1,1
BRDA:89,5,0,1
BRDA:89,5,1,1
BRF:12
BRH:12
end_of_record
TN:
SF:services/infraction-service/routes/infraction.route.js
FNF:0
FNH:0
DA:1,1
DA:2,1
DA:3,1
DA:4,1
DA:6,1
DA:7,1
DA:8,1
DA:9,1
DA:10,1
DA:11,1
DA:13,1
LF:11
LH:11
BRF:0
BRH:0
end_of_record
TN:
SF:services/paiement-service/controller/paiement.controller.js
FN:3,(anonymous_0)
FNF:1
FNH:1
FNDA:3,(anonymous_0)
DA:1,1
DA:3,1
DA:4,3
DA:5,3
DA:6,3
DA:7,2
DA:8,1
DA:10,1
DA:12,1
DA:16,1
LF:10
LH:10
BRDA:7,0,0,1
BRDA:7,0,1,1
BRF:2
BRH:2
end_of_record
TN:
SF:services/paiement-service/routes/paiement.routes.js
FNF:0
FNH:0
DA:1,1
DA:2,1
DA:3,1
DA:4,1
DA:6,1
DA:8,1
LF:6
LH:6
BRF:0
BRH:0
end_of_record
TN:
SF:services/voiture-service/controller/voiture.controller.js
FN:3,(anonymous_0)
FN:13,(anonymous_1)
FN:22,(anonymous_2)
FN:35,(anonymous_3)
FN:49,(anonymous_4)
FNF:5
FNH:5
FNDA:3,(anonymous_0)
FNDA:3,(anonymous_1)
FNDA:3,(anonymous_2)
FNDA:3,(anonymous_3)
FNDA:3,(anonymous_4)
DA:1,1
DA:3,1
DA:4,3
DA:5,3
DA:6,3
DA:7,2
DA:9,1
DA:13,1
DA:14,3
DA:15,3
DA:16,1
DA:18,2
DA:22,1
DA:23,3
DA:24,3
DA:25,3
DA:26,2
DA:27,1
DA:29,1
DA:31,1
DA:35,1
DA:36,3
DA:37,3
DA:38,3
DA:39,3
DA:40,2
DA:41,1
DA:43,1
DA:45,1
DA:49,1
DA:50,3
DA:51,3
DA:52,3
DA:53,2
DA:54,1
DA:56,1
DA:58,1
DA:62,1
LF:38
LH:38
BRDA:26,0,0,1
BRDA:26,0,1,1
BRDA:40,1,0,1
BRDA:40,1,1,1
BRDA:53,2,0,1
BRDA:53,2,1,1
BRF:6
BRH:6
end_of_record
TN:
SF:services/voiture-service/routes/voiture.route.js
FNF:0
FNH:0
DA:1,1
DA:2,1
DA:3,1
DA:4,1
DA:6,1
DA:7,1
DA:8,1
DA:9,1
DA:10,1
DA:12,1
LF:10
LH:10
BRF:0
BRH:0
end_of_record
